<?xml version="1.0" encoding="UTF-8"?>
<!-- Generated by org.testng.reporters.JUnitXMLReporter -->
<testsuite hostname="Test-Amitverma" name="LogOut" tests="1" failures="1" timestamp="25 Oct 2016 12:35:44 GMT" time="0.006" errors="0">
  <testcase name="testLogout" time="0.004" classname="com.icreon.res_allocqa.tests.LogoutTest">
    <failure type="java.lang.NullPointerException">
      <![CDATA[java.lang.NullPointerException
	at com.icreon.res_allocqa.utilities.SeleniumUtils.takeScreenShot(SeleniumUtils.java:36)
	at com.icreon.res_allocqa.utilities.SeleniumUtils.doClick(SeleniumUtils.java:82)
	at com.icreon.res_allocqa.pages.LogoutPage.clickLogout(Unknown Source)
	at com.icreon.res_allocqa.tests.LogoutTest.testLogout(Unknown Source)
... Removed 23 stack frames]]>
    </failure>
  </testcase> <!-- testLogout -->
</testsuite> <!-- LogOut -->
