<?xml version="1.0" encoding="UTF-8"?>
<!-- Generated by org.testng.reporters.JUnitXMLReporter -->
<testsuite hostname="Test-Amitverma" name="Sorting Only" tests="4" failures="4" timestamp="25 Oct 2016 12:35:44 GMT" time="0.104" errors="0">
  <testcase name="testCOEPagination" time="0.089" classname="com.icreon.res_allocqa.tests.admin.CoeTest">
    <failure type="java.lang.NullPointerException">
      <![CDATA[java.lang.NullPointerException
	at com.icreon.res_allocqa.utilities.SeleniumUtils.takeScreenShot(SeleniumUtils.java:36)
	at com.icreon.res_allocqa.utilities.SeleniumUtils.doMoveControl(SeleniumUtils.java:105)
	at com.icreon.res_allocqa.pages.HeaderMenu.moveToSetup(Unknown Source)
	at com.icreon.res_allocqa.tests.admin.CoeTest.testCOEPagination(CoeTest.java:336)
... Removed 23 stack frames]]>
    </failure>
  </testcase> <!-- testCOEPagination -->
  <testcase name="testCOEPagination" time="0.005" classname="com.icreon.res_allocqa.tests.admin.SkillTest">
    <failure type="java.lang.NullPointerException">
      <![CDATA[java.lang.NullPointerException
	at com.icreon.res_allocqa.utilities.SeleniumUtils.takeScreenShot(SeleniumUtils.java:36)
	at com.icreon.res_allocqa.utilities.SeleniumUtils.doMoveControl(SeleniumUtils.java:105)
	at com.icreon.res_allocqa.pages.HeaderMenu.moveToSetup(Unknown Source)
	at com.icreon.res_allocqa.tests.admin.SkillTest.testCOEPagination(SkillTest.java:447)
... Removed 23 stack frames]]>
    </failure>
  </testcase> <!-- testCOEPagination -->
  <testcase name="testRolePagination" time="0.005" classname="com.icreon.res_allocqa.tests.admin.RoleMappingTest">
    <failure type="java.lang.NullPointerException">
      <![CDATA[java.lang.NullPointerException
	at com.icreon.res_allocqa.utilities.SeleniumUtils.takeScreenShot(SeleniumUtils.java:36)
	at com.icreon.res_allocqa.utilities.SeleniumUtils.doMoveControl(SeleniumUtils.java:105)
	at com.icreon.res_allocqa.pages.HeaderMenu.moveToSetup(Unknown Source)
	at com.icreon.res_allocqa.tests.admin.RoleMappingTest.testRolePagination(RoleMappingTest.java:416)
... Removed 23 stack frames]]>
    </failure>
  </testcase> <!-- testRolePagination -->
  <testcase name="testClientPagination" time="0.004" classname="com.icreon.res_allocqa.tests.admin.ClientsTest">
    <failure type="java.lang.NullPointerException">
      <![CDATA[java.lang.NullPointerException
	at com.icreon.res_allocqa.utilities.SeleniumUtils.takeScreenShot(SeleniumUtils.java:36)
	at com.icreon.res_allocqa.utilities.SeleniumUtils.doMoveControl(SeleniumUtils.java:105)
	at com.icreon.res_allocqa.pages.HeaderMenu.moveToSetup(Unknown Source)
	at com.icreon.res_allocqa.tests.admin.ClientsTest.testClientPagination(ClientsTest.java:473)
... Removed 23 stack frames]]>
    </failure>
  </testcase> <!-- testClientPagination -->
</testsuite> <!-- Sorting Only -->
