<?xml version="1.0" encoding="UTF-8"?>
<!-- Generated by org.testng.reporters.JUnitXMLReporter -->
<testsuite hostname="Test-Amitverma" name="Sorting Only" tests="4" failures="0" timestamp="24 Oct 2016 12:51:53 GMT" time="8.536" errors="0">
  <testcase name="testCOEPagination" time="2.04" classname="com.icreon.res_allocqa.tests.admin.CoeTest"/>
  <testcase name="testCOEPagination" time="2.442" classname="com.icreon.res_allocqa.tests.admin.SkillTest"/>
  <testcase name="testRolePagination" time="2.019" classname="com.icreon.res_allocqa.tests.admin.RoleMappingTest"/>
  <testcase name="testClientPagination" time="2.029" classname="com.icreon.res_allocqa.tests.admin.ClientsTest"/>
</testsuite> <!-- Sorting Only -->
