<?xml version="1.0" encoding="UTF-8"?>
<!-- Generated by org.testng.reporters.JUnitXMLReporter -->
<testsuite hostname="Test-Amitverma" name="Test" tests="57" failures="0" timestamp="20 Oct 2016 09:02:43 GMT" time="47.262" errors="0">
  <testcase name="@BeforeClass beforeClass" time="0.0" classname="com.icreon.res_allocqa.tests.admin.CoeTest">
    <skipped/>
  </testcase> <!-- @BeforeClass beforeClass -->
  <testcase name="@BeforeMethod handleTestMethodName" time="0.0" classname="com.icreon.res_allocqa.tests.admin.CoeTest">
    <skipped/>
  </testcase> <!-- @BeforeMethod handleTestMethodName -->
  <testcase name="@BeforeMethod handleTestMethodName" time="0.0" classname="com.icreon.res_allocqa.tests.admin.CoeTest">
    <skipped/>
  </testcase> <!-- @BeforeMethod handleTestMethodName -->
  <testcase name="@BeforeMethod handleTestMethodName" time="0.0" classname="com.icreon.res_allocqa.tests.admin.CoeTest">
    <skipped/>
  </testcase> <!-- @BeforeMethod handleTestMethodName -->
  <testcase name="@BeforeMethod handleTestMethodName" time="0.0" classname="com.icreon.res_allocqa.tests.admin.CoeTest">
    <skipped/>
  </testcase> <!-- @BeforeMethod handleTestMethodName -->
  <testcase name="@BeforeMethod handleTestMethodName" time="0.0" classname="com.icreon.res_allocqa.tests.admin.CoeTest">
    <skipped/>
  </testcase> <!-- @BeforeMethod handleTestMethodName -->
  <testcase name="@BeforeMethod handleTestMethodName" time="0.0" classname="com.icreon.res_allocqa.tests.admin.CoeTest">
    <skipped/>
  </testcase> <!-- @BeforeMethod handleTestMethodName -->
  <testcase name="@BeforeMethod handleTestMethodName" time="0.0" classname="com.icreon.res_allocqa.tests.admin.CoeTest">
    <skipped/>
  </testcase> <!-- @BeforeMethod handleTestMethodName -->
  <testcase name="@BeforeMethod handleTestMethodName" time="0.0" classname="com.icreon.res_allocqa.tests.admin.CoeTest">
    <skipped/>
  </testcase> <!-- @BeforeMethod handleTestMethodName -->
  <testcase name="@BeforeMethod handleTestMethodName" time="0.0" classname="com.icreon.res_allocqa.tests.admin.CoeTest">
    <skipped/>
  </testcase> <!-- @BeforeMethod handleTestMethodName -->
  <testcase name="@BeforeMethod handleTestMethodName" time="0.0" classname="com.icreon.res_allocqa.tests.admin.CoeTest">
    <skipped/>
  </testcase> <!-- @BeforeMethod handleTestMethodName -->
  <testcase name="@BeforeMethod handleTestMethodName" time="0.0" classname="com.icreon.res_allocqa.tests.admin.CoeTest">
    <skipped/>
  </testcase> <!-- @BeforeMethod handleTestMethodName -->
  <testcase name="@BeforeMethod handleTestMethodName" time="0.0" classname="com.icreon.res_allocqa.tests.admin.CoeTest">
    <skipped/>
  </testcase> <!-- @BeforeMethod handleTestMethodName -->
  <testcase name="@BeforeClass beforeClass" time="0.0" classname="com.icreon.res_allocqa.tests.admin.SkillTest">
    <skipped/>
  </testcase> <!-- @BeforeClass beforeClass -->
  <testcase name="@BeforeMethod handleTestMethodName" time="0.0" classname="com.icreon.res_allocqa.tests.admin.SkillTest">
    <skipped/>
  </testcase> <!-- @BeforeMethod handleTestMethodName -->
  <testcase name="@BeforeMethod handleTestMethodName" time="0.0" classname="com.icreon.res_allocqa.tests.admin.SkillTest">
    <skipped/>
  </testcase> <!-- @BeforeMethod handleTestMethodName -->
  <testcase name="@BeforeMethod handleTestMethodName" time="0.0" classname="com.icreon.res_allocqa.tests.admin.SkillTest">
    <skipped/>
  </testcase> <!-- @BeforeMethod handleTestMethodName -->
  <testcase name="@BeforeMethod handleTestMethodName" time="0.0" classname="com.icreon.res_allocqa.tests.admin.SkillTest">
    <skipped/>
  </testcase> <!-- @BeforeMethod handleTestMethodName -->
  <testcase name="@BeforeMethod handleTestMethodName" time="0.0" classname="com.icreon.res_allocqa.tests.admin.SkillTest">
    <skipped/>
  </testcase> <!-- @BeforeMethod handleTestMethodName -->
  <testcase name="@BeforeMethod handleTestMethodName" time="0.0" classname="com.icreon.res_allocqa.tests.admin.SkillTest">
    <skipped/>
  </testcase> <!-- @BeforeMethod handleTestMethodName -->
  <testcase name="@BeforeMethod handleTestMethodName" time="0.0" classname="com.icreon.res_allocqa.tests.admin.SkillTest">
    <skipped/>
  </testcase> <!-- @BeforeMethod handleTestMethodName -->
  <testcase name="@BeforeMethod handleTestMethodName" time="0.0" classname="com.icreon.res_allocqa.tests.admin.SkillTest">
    <skipped/>
  </testcase> <!-- @BeforeMethod handleTestMethodName -->
  <testcase name="@BeforeMethod handleTestMethodName" time="0.0" classname="com.icreon.res_allocqa.tests.admin.SkillTest">
    <skipped/>
  </testcase> <!-- @BeforeMethod handleTestMethodName -->
  <testcase name="@BeforeMethod handleTestMethodName" time="0.0" classname="com.icreon.res_allocqa.tests.admin.SkillTest">
    <skipped/>
  </testcase> <!-- @BeforeMethod handleTestMethodName -->
  <testcase name="@BeforeMethod handleTestMethodName" time="0.0" classname="com.icreon.res_allocqa.tests.admin.SkillTest">
    <skipped/>
  </testcase> <!-- @BeforeMethod handleTestMethodName -->
  <testcase name="@BeforeMethod handleTestMethodName" time="0.0" classname="com.icreon.res_allocqa.tests.admin.SkillTest">
    <skipped/>
  </testcase> <!-- @BeforeMethod handleTestMethodName -->
  <testcase name="@BeforeMethod handleTestMethodName" time="0.0" classname="com.icreon.res_allocqa.tests.admin.SkillTest">
    <skipped/>
  </testcase> <!-- @BeforeMethod handleTestMethodName -->
  <testcase name="@BeforeMethod handleTestMethodName" time="0.0" classname="com.icreon.res_allocqa.tests.admin.SkillTest">
    <skipped/>
  </testcase> <!-- @BeforeMethod handleTestMethodName -->
  <testcase name="@BeforeClass beforeClass" time="0.0" classname="com.icreon.res_allocqa.tests.admin.RoleMappingTest">
    <skipped/>
  </testcase> <!-- @BeforeClass beforeClass -->
  <testcase name="@BeforeMethod handleTestMethodName" time="0.0" classname="com.icreon.res_allocqa.tests.admin.RoleMappingTest">
    <skipped/>
  </testcase> <!-- @BeforeMethod handleTestMethodName -->
  <testcase name="@BeforeMethod handleTestMethodName" time="0.0" classname="com.icreon.res_allocqa.tests.admin.RoleMappingTest">
    <skipped/>
  </testcase> <!-- @BeforeMethod handleTestMethodName -->
  <testcase name="@BeforeMethod handleTestMethodName" time="0.0" classname="com.icreon.res_allocqa.tests.admin.RoleMappingTest">
    <skipped/>
  </testcase> <!-- @BeforeMethod handleTestMethodName -->
  <testcase name="@BeforeMethod handleTestMethodName" time="0.0" classname="com.icreon.res_allocqa.tests.admin.RoleMappingTest">
    <skipped/>
  </testcase> <!-- @BeforeMethod handleTestMethodName -->
  <testcase name="@BeforeMethod handleTestMethodName" time="0.0" classname="com.icreon.res_allocqa.tests.admin.RoleMappingTest">
    <skipped/>
  </testcase> <!-- @BeforeMethod handleTestMethodName -->
  <testcase name="@BeforeMethod handleTestMethodName" time="0.0" classname="com.icreon.res_allocqa.tests.admin.RoleMappingTest">
    <skipped/>
  </testcase> <!-- @BeforeMethod handleTestMethodName -->
  <testcase name="@BeforeMethod handleTestMethodName" time="0.0" classname="com.icreon.res_allocqa.tests.admin.RoleMappingTest">
    <skipped/>
  </testcase> <!-- @BeforeMethod handleTestMethodName -->
  <testcase name="@BeforeMethod handleTestMethodName" time="0.0" classname="com.icreon.res_allocqa.tests.admin.RoleMappingTest">
    <skipped/>
  </testcase> <!-- @BeforeMethod handleTestMethodName -->
  <testcase name="@BeforeMethod handleTestMethodName" time="0.0" classname="com.icreon.res_allocqa.tests.admin.RoleMappingTest">
    <skipped/>
  </testcase> <!-- @BeforeMethod handleTestMethodName -->
  <testcase name="@BeforeMethod handleTestMethodName" time="0.0" classname="com.icreon.res_allocqa.tests.admin.RoleMappingTest">
    <skipped/>
  </testcase> <!-- @BeforeMethod handleTestMethodName -->
  <testcase name="@BeforeMethod handleTestMethodName" time="0.0" classname="com.icreon.res_allocqa.tests.admin.RoleMappingTest">
    <skipped/>
  </testcase> <!-- @BeforeMethod handleTestMethodName -->
  <testcase name="@BeforeMethod handleTestMethodName" time="0.0" classname="com.icreon.res_allocqa.tests.admin.RoleMappingTest">
    <skipped/>
  </testcase> <!-- @BeforeMethod handleTestMethodName -->
  <testcase name="@BeforeMethod handleTestMethodName" time="0.0" classname="com.icreon.res_allocqa.tests.admin.RoleMappingTest">
    <skipped/>
  </testcase> <!-- @BeforeMethod handleTestMethodName -->
  <testcase name="@BeforeMethod handleTestMethodName" time="0.0" classname="com.icreon.res_allocqa.tests.admin.RoleMappingTest">
    <skipped/>
  </testcase> <!-- @BeforeMethod handleTestMethodName -->
  <testcase name="testLogin" time="1.223" classname="com.icreon.res_allocqa.tests.LoginTest"/>
  <testcase name="navigateToManageSkillCOE" time="0.001" classname="com.icreon.res_allocqa.tests.admin.CoeTest">
    <skipped/>
  </testcase> <!-- navigateToManageSkillCOE -->
  <testcase name="checkURLStatusCodes" time="0.002" classname="com.icreon.res_allocqa.tests.admin.CoeTest">
    <skipped/>
  </testcase> <!-- checkURLStatusCodes -->
  <testcase name="testAddCOE" time="0.0" classname="com.icreon.res_allocqa.tests.admin.CoeTest">
    <skipped/>
  </testcase> <!-- testAddCOE -->
  <testcase name="testEditCOE" time="0.0" classname="com.icreon.res_allocqa.tests.admin.CoeTest">
    <skipped/>
  </testcase> <!-- testEditCOE -->
  <testcase name="testDeactivateCOE" time="0.001" classname="com.icreon.res_allocqa.tests.admin.CoeTest">
    <skipped/>
  </testcase> <!-- testDeactivateCOE -->
  <testcase name="testActivateCOE" time="0.002" classname="com.icreon.res_allocqa.tests.admin.CoeTest">
    <skipped/>
  </testcase> <!-- testActivateCOE -->
  <testcase name="testSearchCOEByName" time="0.001" classname="com.icreon.res_allocqa.tests.admin.CoeTest">
    <skipped/>
  </testcase> <!-- testSearchCOEByName -->
  <testcase name="testSearchByStatusActive" time="0.0" classname="com.icreon.res_allocqa.tests.admin.CoeTest">
    <skipped/>
  </testcase> <!-- testSearchByStatusActive -->
  <testcase name="testSearchByStatusAInative" time="0.0" classname="com.icreon.res_allocqa.tests.admin.CoeTest">
    <skipped/>
  </testcase> <!-- testSearchByStatusAInative -->
  <testcase name="testSortingByCOEAscending" time="0.001" classname="com.icreon.res_allocqa.tests.admin.CoeTest">
    <skipped/>
  </testcase> <!-- testSortingByCOEAscending -->
  <testcase name="testSortingByCOEDescending" time="0.001" classname="com.icreon.res_allocqa.tests.admin.CoeTest">
    <skipped/>
  </testcase> <!-- testSortingByCOEDescending -->
  <testcase name="testCOEPagination" time="0.0" classname="com.icreon.res_allocqa.tests.admin.CoeTest">
    <skipped/>
  </testcase> <!-- testCOEPagination -->
  <testcase name="navigateToManageSkillCOE" time="0.001" classname="com.icreon.res_allocqa.tests.admin.SkillTest">
    <skipped/>
  </testcase> <!-- navigateToManageSkillCOE -->
  <testcase name="testAddSkill" time="0.0" classname="com.icreon.res_allocqa.tests.admin.SkillTest">
    <skipped/>
  </testcase> <!-- testAddSkill -->
  <testcase name="testEditSkill" time="0.001" classname="com.icreon.res_allocqa.tests.admin.SkillTest">
    <skipped/>
  </testcase> <!-- testEditSkill -->
  <testcase name="testDeactivateSkill" time="0.001" classname="com.icreon.res_allocqa.tests.admin.SkillTest">
    <skipped/>
  </testcase> <!-- testDeactivateSkill -->
  <testcase name="testActivateSkill" time="0.0" classname="com.icreon.res_allocqa.tests.admin.SkillTest">
    <skipped/>
  </testcase> <!-- testActivateSkill -->
  <testcase name="testSearchSkillByName" time="0.001" classname="com.icreon.res_allocqa.tests.admin.SkillTest">
    <skipped/>
  </testcase> <!-- testSearchSkillByName -->
  <testcase name="testSearchSkillByCOE" time="0.0" classname="com.icreon.res_allocqa.tests.admin.SkillTest">
    <skipped/>
  </testcase> <!-- testSearchSkillByCOE -->
  <testcase name="testSearchByStatusActive" time="0.0" classname="com.icreon.res_allocqa.tests.admin.SkillTest">
    <skipped/>
  </testcase> <!-- testSearchByStatusActive -->
  <testcase name="testSearchByStatusAInative" time="0.0" classname="com.icreon.res_allocqa.tests.admin.SkillTest">
    <skipped/>
  </testcase> <!-- testSearchByStatusAInative -->
  <testcase name="testSortingSkillByNameAscending" time="0.001" classname="com.icreon.res_allocqa.tests.admin.SkillTest">
    <skipped/>
  </testcase> <!-- testSortingSkillByNameAscending -->
  <testcase name="testSortingSkillByNameDescending" time="0.001" classname="com.icreon.res_allocqa.tests.admin.SkillTest">
    <skipped/>
  </testcase> <!-- testSortingSkillByNameDescending -->
  <testcase name="testSortingSkillByCOEAscending" time="0.004" classname="com.icreon.res_allocqa.tests.admin.SkillTest">
    <skipped/>
  </testcase> <!-- testSortingSkillByCOEAscending -->
  <testcase name="testSortingSkillByCOEDescending" time="0.0" classname="com.icreon.res_allocqa.tests.admin.SkillTest">
    <skipped/>
  </testcase> <!-- testSortingSkillByCOEDescending -->
  <testcase name="testCOEPagination" time="0.001" classname="com.icreon.res_allocqa.tests.admin.SkillTest">
    <skipped/>
  </testcase> <!-- testCOEPagination -->
  <testcase name="navigateToRoleMapping" time="0.001" classname="com.icreon.res_allocqa.tests.admin.RoleMappingTest">
    <skipped/>
  </testcase> <!-- navigateToRoleMapping -->
  <testcase name="testSearchRoleByName" time="0.0" classname="com.icreon.res_allocqa.tests.admin.RoleMappingTest">
    <skipped/>
  </testcase> <!-- testSearchRoleByName -->
  <testcase name="testSearchRoleByEmpID" time="0.0" classname="com.icreon.res_allocqa.tests.admin.RoleMappingTest">
    <skipped/>
  </testcase> <!-- testSearchRoleByEmpID -->
  <testcase name="testSearchRoleByStatusActive" time="0.001" classname="com.icreon.res_allocqa.tests.admin.RoleMappingTest">
    <skipped/>
  </testcase> <!-- testSearchRoleByStatusActive -->
  <testcase name="testSearchRoleByStatusInactive" time="0.0" classname="com.icreon.res_allocqa.tests.admin.RoleMappingTest">
    <skipped/>
  </testcase> <!-- testSearchRoleByStatusInactive -->
  <testcase name="testSortingRoleByEmpIdAscending" time="0.001" classname="com.icreon.res_allocqa.tests.admin.RoleMappingTest">
    <skipped/>
  </testcase> <!-- testSortingRoleByEmpIdAscending -->
  <testcase name="testSortingRoleByEmpIdDescending" time="0.001" classname="com.icreon.res_allocqa.tests.admin.RoleMappingTest">
    <skipped/>
  </testcase> <!-- testSortingRoleByEmpIdDescending -->
  <testcase name="testSortingRoleByNameAscending" time="0.0" classname="com.icreon.res_allocqa.tests.admin.RoleMappingTest">
    <skipped/>
  </testcase> <!-- testSortingRoleByNameAscending -->
  <testcase name="testSortingRoleByNameDescending" time="0.0" classname="com.icreon.res_allocqa.tests.admin.RoleMappingTest">
    <skipped/>
  </testcase> <!-- testSortingRoleByNameDescending -->
  <testcase name="testSortingRoleByDesignationAscending" time="0.001" classname="com.icreon.res_allocqa.tests.admin.RoleMappingTest">
    <skipped/>
  </testcase> <!-- testSortingRoleByDesignationAscending -->
  <testcase name="testSortingRoleByDesignationDescending" time="0.007" classname="com.icreon.res_allocqa.tests.admin.RoleMappingTest">
    <skipped/>
  </testcase> <!-- testSortingRoleByDesignationDescending -->
  <testcase name="testSortingRoleByEmailAscending" time="0.001" classname="com.icreon.res_allocqa.tests.admin.RoleMappingTest">
    <skipped/>
  </testcase> <!-- testSortingRoleByEmailAscending -->
  <testcase name="testSortingRoleByEmailDescending" time="0.0" classname="com.icreon.res_allocqa.tests.admin.RoleMappingTest">
    <skipped/>
  </testcase> <!-- testSortingRoleByEmailDescending -->
  <testcase name="testRolePagination" time="0.0" classname="com.icreon.res_allocqa.tests.admin.RoleMappingTest">
    <skipped/>
  </testcase> <!-- testRolePagination -->
  <testcase name="navigateToClients" time="0.917" classname="com.icreon.res_allocqa.tests.admin.ClientsTest"/>
  <testcase name="testEditClient" time="2.908" classname="com.icreon.res_allocqa.tests.admin.ClientsTest"/>
  <testcase name="testAddClient" time="2.09" classname="com.icreon.res_allocqa.tests.admin.ClientsTest"/>
  <testcase name="testSearchClientByName" time="1.554" classname="com.icreon.res_allocqa.tests.admin.ClientsTest"/>
  <testcase name="testSearchClientByAccOwner" time="1.882" classname="com.icreon.res_allocqa.tests.admin.ClientsTest"/>
  <testcase name="testSearchClientByCountry" time="1.835" classname="com.icreon.res_allocqa.tests.admin.ClientsTest"/>
  <testcase name="testSearchClientByStatusActive" time="1.838" classname="com.icreon.res_allocqa.tests.admin.ClientsTest"/>
  <testcase name="testSearchClientByStatusInactive" time="1.733" classname="com.icreon.res_allocqa.tests.admin.ClientsTest"/>
  <testcase name="testSortingClientByNameAscending" time="3.474" classname="com.icreon.res_allocqa.tests.admin.ClientsTest"/>
  <testcase name="testSortingClientByNameDescending" time="4.366" classname="com.icreon.res_allocqa.tests.admin.ClientsTest"/>
  <testcase name="testSortingClientByCountryAscending" time="3.635" classname="com.icreon.res_allocqa.tests.admin.ClientsTest"/>
  <testcase name="testSortingClientByCountryDescending" time="4.194" classname="com.icreon.res_allocqa.tests.admin.ClientsTest"/>
  <testcase name="testSortingClientByAccOwnerAscending" time="3.512" classname="com.icreon.res_allocqa.tests.admin.ClientsTest"/>
  <testcase name="testSortingClientByAccOwnerDescending" time="3.621" classname="com.icreon.res_allocqa.tests.admin.ClientsTest"/>
  <testcase name="testClientPagination" time="1.593" classname="com.icreon.res_allocqa.tests.admin.ClientsTest"/>
  <testcase name="testLogout" time="0.616" classname="com.icreon.res_allocqa.tests.LogoutTest"/>
</testsuite> <!-- Test -->
